{"name": "test_sender_receiver_information_screen", "status": "broken", "statusDetails": {"message": "selenium.common.exceptions.NoSuchElementException: Message: no such element: Unable to locate element: {\"method\":\"xpath\",\"selector\":\"//input[@title='שם מקבל המתנה']\"}\n  (Session info: chrome=116.0.5845.141); For documentation on this error, please visit: https://www.selenium.dev/documentation/webdriver/troubleshooting/errors#no-such-element-exception\nStacktrace:\n\tGetHandleVerifier [0x00007FF6314752A2+57122]\n\t(No symbol) [0x00007FF6313EEA92]\n\t(No symbol) [0x00007FF6312BE3AB]\n\t(No symbol) [0x00007FF6312F7D3E]\n\t(No symbol) [0x00007FF6312F7E2C]\n\t(No symbol) [0x00007FF631330B67]\n\t(No symbol) [0x00007FF63131701F]\n\t(No symbol) [0x00007FF63132EB82]\n\t(No symbol) [0x00007FF631316DB3]\n\t(No symbol) [0x00007FF6312ED2B1]\n\t(No symbol) [0x00007FF6312EE494]\n\tGetHandleVerifier [0x00007FF63171EF82+2849794]\n\tGetHandleVerifier [0x00007FF631771D24+3189156]\n\tGetHandleVerifier [0x00007FF63176ACAF+3160367]\n\tGetHandleVerifier [0x00007FF631506D06+653702]\n\t(No symbol) [0x00007FF6313FA208]\n\t(No symbol) [0x00007FF6313F62C4]\n\t(No symbol) [0x00007FF6313F63F6]\n\t(No symbol) [0x00007FF6313E67A3]\n\tBaseThreadInitThunk [0x00007FFCAE497614+20]\n\tRtlUserThreadStart [0x00007FFCAF0426B1+33]", "trace": "self = <test_buyme.TestBuyMe testMethod=test_sender_receiver_information_screen>\n\n    def test_sender_receiver_information_screen(self):\n        AdditionalFunctions.Catch_Pop_Up(self)\n        SenderReceiverInformationScreen.go_to_page(self)\n        SenderReceiverInformationScreen.change_to_for_me(self)\n        SenderReceiverInformationScreen.change_to_for_someone(self)\n>       SenderReceiverInformationScreen.input_name(self)\n\ntest_buyme.py:76: \n_ _ _ _ _ _ _ _ _ _ _ _ _ _ _ _ _ _ _ _ _ _ _ _ _ _ _ _ _ _ _ _ _ _ _ _ _ _ _ _ _ _ _ _ _ _ _ _ _ _ _ _ _ _ _ _ _ _ _ _ _ _ _ _ _ _ _ _ _ _ _ _ _ _ _\nsender_receiver_information_screen.py:25: in input_name\n    name = self.driver.find_element(By.XPATH, \"//input[@title='שם מקבל המתנה']\")\n..\\..\\AppData\\Local\\pypoetry\\Cache\\virtualenvs\\buyme-4NEGsUiN-py3.11\\Lib\\site-packages\\selenium\\webdriver\\remote\\webdriver.py:738: in find_element\n    return self.execute(Command.FIND_ELEMENT, {\"using\": by, \"value\": value})[\"value\"]\n..\\..\\AppData\\Local\\pypoetry\\Cache\\virtualenvs\\buyme-4NEGsUiN-py3.11\\Lib\\site-packages\\selenium\\webdriver\\remote\\webdriver.py:344: in execute\n    self.error_handler.check_response(response)\n_ _ _ _ _ _ _ _ _ _ _ _ _ _ _ _ _ _ _ _ _ _ _ _ _ _ _ _ _ _ _ _ _ _ _ _ _ _ _ _ _ _ _ _ _ _ _ _ _ _ _ _ _ _ _ _ _ _ _ _ _ _ _ _ _ _ _ _ _ _ _ _ _ _ _\n\nself = <selenium.webdriver.remote.errorhandler.ErrorHandler object at 0x0000027A9FD8F010>\nresponse = {'status': 404, 'value': '{\"value\":{\"error\":\"no such element\",\"message\":\"no such element: Unable to locate element: {\\...07FF6313E67A3]\\\\n\\\\tBaseThreadInitThunk [0x00007FFCAE497614+20]\\\\n\\\\tRtlUserThreadStart [0x00007FFCAF0426B1+33]\\\\n\"}}'}\n\n    def check_response(self, response: Dict[str, Any]) -> None:\n        \"\"\"Checks that a JSON response from the WebDriver does not have an\n        error.\n    \n        :Args:\n         - response - The JSON response from the WebDriver server as a dictionary\n           object.\n    \n        :Raises: If the response contains an error message.\n        \"\"\"\n        status = response.get(\"status\", None)\n        if not status or status == ErrorCode.SUCCESS:\n            return\n        value = None\n        message = response.get(\"message\", \"\")\n        screen: str = response.get(\"screen\", \"\")\n        stacktrace = None\n        if isinstance(status, int):\n            value_json = response.get(\"value\", None)\n            if value_json and isinstance(value_json, str):\n                import json\n    \n                try:\n                    value = json.loads(value_json)\n                    if len(value) == 1:\n                        value = value[\"value\"]\n                    status = value.get(\"error\", None)\n                    if not status:\n                        status = value.get(\"status\", ErrorCode.UNKNOWN_ERROR)\n                        message = value.get(\"value\") or value.get(\"message\")\n                        if not isinstance(message, str):\n                            value = message\n                            message = message.get(\"message\")\n                    else:\n                        message = value.get(\"message\", None)\n                except ValueError:\n                    pass\n    \n        exception_class: Type[WebDriverException]\n        e = ErrorCode()\n        error_codes = [item for item in dir(e) if not item.startswith(\"__\")]\n        for error_code in error_codes:\n            error_info = getattr(ErrorCode, error_code)\n            if isinstance(error_info, list) and status in error_info:\n                exception_class = getattr(ExceptionMapping, error_code, WebDriverException)\n                break\n        else:\n            exception_class = WebDriverException\n    \n        if not value:\n            value = response[\"value\"]\n        if isinstance(value, str):\n            raise exception_class(value)\n        if message == \"\" and \"message\" in value:\n            message = value[\"message\"]\n    \n        screen = None  # type: ignore[assignment]\n        if \"screen\" in value:\n            screen = value[\"screen\"]\n    \n        stacktrace = None\n        st_value = value.get(\"stackTrace\") or value.get(\"stacktrace\")\n        if st_value:\n            if isinstance(st_value, str):\n                stacktrace = st_value.split(\"\\n\")\n            else:\n                stacktrace = []\n                try:\n                    for frame in st_value:\n                        line = frame.get(\"lineNumber\", \"\")\n                        file = frame.get(\"fileName\", \"<anonymous>\")\n                        if line:\n                            file = f\"{file}:{line}\"\n                        meth = frame.get(\"methodName\", \"<anonymous>\")\n                        if \"className\" in frame:\n                            meth = f\"{frame['className']}.{meth}\"\n                        msg = \"    at %s (%s)\"\n                        msg = msg % (meth, file)\n                        stacktrace.append(msg)\n                except TypeError:\n                    pass\n        if exception_class == UnexpectedAlertPresentException:\n            alert_text = None\n            if \"data\" in value:\n                alert_text = value[\"data\"].get(\"text\")\n            elif \"alert\" in value:\n                alert_text = value[\"alert\"].get(\"text\")\n            raise exception_class(message, screen, stacktrace, alert_text)  # type: ignore[call-arg]  # mypy is not smart enough here\n>       raise exception_class(message, screen, stacktrace)\nE       selenium.common.exceptions.NoSuchElementException: Message: no such element: Unable to locate element: {\"method\":\"xpath\",\"selector\":\"//input[@title='שם מקבל המתנה']\"}\nE         (Session info: chrome=116.0.5845.141); For documentation on this error, please visit: https://www.selenium.dev/documentation/webdriver/troubleshooting/errors#no-such-element-exception\nE       Stacktrace:\nE       \tGetHandleVerifier [0x00007FF6314752A2+57122]\nE       \t(No symbol) [0x00007FF6313EEA92]\nE       \t(No symbol) [0x00007FF6312BE3AB]\nE       \t(No symbol) [0x00007FF6312F7D3E]\nE       \t(No symbol) [0x00007FF6312F7E2C]\nE       \t(No symbol) [0x00007FF631330B67]\nE       \t(No symbol) [0x00007FF63131701F]\nE       \t(No symbol) [0x00007FF63132EB82]\nE       \t(No symbol) [0x00007FF631316DB3]\nE       \t(No symbol) [0x00007FF6312ED2B1]\nE       \t(No symbol) [0x00007FF6312EE494]\nE       \tGetHandleVerifier [0x00007FF63171EF82+2849794]\nE       \tGetHandleVerifier [0x00007FF631771D24+3189156]\nE       \tGetHandleVerifier [0x00007FF63176ACAF+3160367]\nE       \tGetHandleVerifier [0x00007FF631506D06+653702]\nE       \t(No symbol) [0x00007FF6313FA208]\nE       \t(No symbol) [0x00007FF6313F62C4]\nE       \t(No symbol) [0x00007FF6313F63F6]\nE       \t(No symbol) [0x00007FF6313E67A3]\nE       \tBaseThreadInitThunk [0x00007FFCAE497614+20]\nE       \tRtlUserThreadStart [0x00007FFCAF0426B1+33]\n\n..\\..\\AppData\\Local\\pypoetry\\Cache\\virtualenvs\\buyme-4NEGsUiN-py3.11\\Lib\\site-packages\\selenium\\webdriver\\remote\\errorhandler.py:229: NoSuchElementException"}, "attachments": [{"name": "stdout", "source": "84495354-4959-4405-a6bc-c99842dd38e6-attachment.txt", "type": "text/plain"}], "start": 1693686320034, "stop": 1693686356158, "uuid": "02536468-5835-4a10-863e-53109df9468c", "historyId": "6b949087af9c947142de9e38c43bf171", "testCaseId": "6b949087af9c947142de9e38c43bf171", "fullName": "test_buyme.TestBuyMe#test_sender_receiver_information_screen", "labels": [{"name": "suite", "value": "test_buyme"}, {"name": "subSuite", "value": "TestBuyMe"}, {"name": "host", "value": "DESKTOP-TN6JOVD"}, {"name": "thread", "value": "12648-MainThread"}, {"name": "framework", "value": "pytest"}, {"name": "language", "value": "cpython3"}, {"name": "package", "value": "test_buyme"}]}