{"name": "test_registration_screen", "status": "broken", "statusDetails": {"message": "selenium.common.exceptions.NoSuchElementException: Message: no such element: Unable to locate element: {\"method\":\"xpath\",\"selector\":\"//span[@class='text-link theme' and @aria-label='להרשמה' and @role='link' ]\"}\n  (Session info: chrome=116.0.5845.141); For documentation on this error, please visit: https://www.selenium.dev/documentation/webdriver/troubleshooting/errors#no-such-element-exception\nStacktrace:\n\tGetHandleVerifier [0x00007FF69F6852A2+57122]\n\t(No symbol) [0x00007FF69F5FEA92]\n\t(No symbol) [0x00007FF69F4CE3AB]\n\t(No symbol) [0x00007FF69F507D3E]\n\t(No symbol) [0x00007FF69F507E2C]\n\t(No symbol) [0x00007FF69F540B67]\n\t(No symbol) [0x00007FF69F52701F]\n\t(No symbol) [0x00007FF69F53EB82]\n\t(No symbol) [0x00007FF69F526DB3]\n\t(No symbol) [0x00007FF69F4FD2B1]\n\t(No symbol) [0x00007FF69F4FE494]\n\tGetHandleVerifier [0x00007FF69F92EF82+2849794]\n\tGetHandleVerifier [0x00007FF69F981D24+3189156]\n\tGetHandleVerifier [0x00007FF69F97ACAF+3160367]\n\tGetHandleVerifier [0x00007FF69F716D06+653702]\n\t(No symbol) [0x00007FF69F60A208]\n\t(No symbol) [0x00007FF69F6062C4]\n\t(No symbol) [0x00007FF69F6063F6]\n\t(No symbol) [0x00007FF69F5F67A3]\n\tBaseThreadInitThunk [0x00007FFCAE497614+20]\n\tRtlUserThreadStart [0x00007FFCAF0426B1+33]", "trace": "self = <test_buyme.TestBuyMe testMethod=test_registration_screen>\n\n    def test_registration_screen(self):\n        # allure.attach(self.driver.get_screenshot_as_png(), name=\"Screenshot\", attachment_type=AttachmentType.PNG)\n        RegistrationScreen.click_enter_button(self)\n>       RegistrationScreen.click_registration_button(self)\n\ntest_buyme.py:46: \n_ _ _ _ _ _ _ _ _ _ _ _ _ _ _ _ _ _ _ _ _ _ _ _ _ _ _ _ _ _ _ _ _ _ _ _ _ _ _ _ _ _ _ _ _ _ _ _ _ _ _ _ _ _ _ _ _ _ _ _ _ _ _ _ _ _ _ _ _ _ _ _ _ _ _\nregistration_screen.py:26: in click_registration_button\n    click_registration_button = self.driver.find_element(By.XPATH,\n..\\..\\AppData\\Local\\pypoetry\\Cache\\virtualenvs\\buyme-4NEGsUiN-py3.11\\Lib\\site-packages\\selenium\\webdriver\\remote\\webdriver.py:738: in find_element\n    return self.execute(Command.FIND_ELEMENT, {\"using\": by, \"value\": value})[\"value\"]\n..\\..\\AppData\\Local\\pypoetry\\Cache\\virtualenvs\\buyme-4NEGsUiN-py3.11\\Lib\\site-packages\\selenium\\webdriver\\remote\\webdriver.py:344: in execute\n    self.error_handler.check_response(response)\n_ _ _ _ _ _ _ _ _ _ _ _ _ _ _ _ _ _ _ _ _ _ _ _ _ _ _ _ _ _ _ _ _ _ _ _ _ _ _ _ _ _ _ _ _ _ _ _ _ _ _ _ _ _ _ _ _ _ _ _ _ _ _ _ _ _ _ _ _ _ _ _ _ _ _\n\nself = <selenium.webdriver.remote.errorhandler.ErrorHandler object at 0x0000011E39303590>\nresponse = {'status': 404, 'value': '{\"value\":{\"error\":\"no such element\",\"message\":\"no such element: Unable to locate element: {\\...07FF69F5F67A3]\\\\n\\\\tBaseThreadInitThunk [0x00007FFCAE497614+20]\\\\n\\\\tRtlUserThreadStart [0x00007FFCAF0426B1+33]\\\\n\"}}'}\n\n    def check_response(self, response: Dict[str, Any]) -> None:\n        \"\"\"Checks that a JSON response from the WebDriver does not have an\n        error.\n    \n        :Args:\n         - response - The JSON response from the WebDriver server as a dictionary\n           object.\n    \n        :Raises: If the response contains an error message.\n        \"\"\"\n        status = response.get(\"status\", None)\n        if not status or status == ErrorCode.SUCCESS:\n            return\n        value = None\n        message = response.get(\"message\", \"\")\n        screen: str = response.get(\"screen\", \"\")\n        stacktrace = None\n        if isinstance(status, int):\n            value_json = response.get(\"value\", None)\n            if value_json and isinstance(value_json, str):\n                import json\n    \n                try:\n                    value = json.loads(value_json)\n                    if len(value) == 1:\n                        value = value[\"value\"]\n                    status = value.get(\"error\", None)\n                    if not status:\n                        status = value.get(\"status\", ErrorCode.UNKNOWN_ERROR)\n                        message = value.get(\"value\") or value.get(\"message\")\n                        if not isinstance(message, str):\n                            value = message\n                            message = message.get(\"message\")\n                    else:\n                        message = value.get(\"message\", None)\n                except ValueError:\n                    pass\n    \n        exception_class: Type[WebDriverException]\n        e = ErrorCode()\n        error_codes = [item for item in dir(e) if not item.startswith(\"__\")]\n        for error_code in error_codes:\n            error_info = getattr(ErrorCode, error_code)\n            if isinstance(error_info, list) and status in error_info:\n                exception_class = getattr(ExceptionMapping, error_code, WebDriverException)\n                break\n        else:\n            exception_class = WebDriverException\n    \n        if not value:\n            value = response[\"value\"]\n        if isinstance(value, str):\n            raise exception_class(value)\n        if message == \"\" and \"message\" in value:\n            message = value[\"message\"]\n    \n        screen = None  # type: ignore[assignment]\n        if \"screen\" in value:\n            screen = value[\"screen\"]\n    \n        stacktrace = None\n        st_value = value.get(\"stackTrace\") or value.get(\"stacktrace\")\n        if st_value:\n            if isinstance(st_value, str):\n                stacktrace = st_value.split(\"\\n\")\n            else:\n                stacktrace = []\n                try:\n                    for frame in st_value:\n                        line = frame.get(\"lineNumber\", \"\")\n                        file = frame.get(\"fileName\", \"<anonymous>\")\n                        if line:\n                            file = f\"{file}:{line}\"\n                        meth = frame.get(\"methodName\", \"<anonymous>\")\n                        if \"className\" in frame:\n                            meth = f\"{frame['className']}.{meth}\"\n                        msg = \"    at %s (%s)\"\n                        msg = msg % (meth, file)\n                        stacktrace.append(msg)\n                except TypeError:\n                    pass\n        if exception_class == UnexpectedAlertPresentException:\n            alert_text = None\n            if \"data\" in value:\n                alert_text = value[\"data\"].get(\"text\")\n            elif \"alert\" in value:\n                alert_text = value[\"alert\"].get(\"text\")\n            raise exception_class(message, screen, stacktrace, alert_text)  # type: ignore[call-arg]  # mypy is not smart enough here\n>       raise exception_class(message, screen, stacktrace)\nE       selenium.common.exceptions.NoSuchElementException: Message: no such element: Unable to locate element: {\"method\":\"xpath\",\"selector\":\"//span[@class='text-link theme' and @aria-label='להרשמה' and @role='link' ]\"}\nE         (Session info: chrome=116.0.5845.141); For documentation on this error, please visit: https://www.selenium.dev/documentation/webdriver/troubleshooting/errors#no-such-element-exception\nE       Stacktrace:\nE       \tGetHandleVerifier [0x00007FF69F6852A2+57122]\nE       \t(No symbol) [0x00007FF69F5FEA92]\nE       \t(No symbol) [0x00007FF69F4CE3AB]\nE       \t(No symbol) [0x00007FF69F507D3E]\nE       \t(No symbol) [0x00007FF69F507E2C]\nE       \t(No symbol) [0x00007FF69F540B67]\nE       \t(No symbol) [0x00007FF69F52701F]\nE       \t(No symbol) [0x00007FF69F53EB82]\nE       \t(No symbol) [0x00007FF69F526DB3]\nE       \t(No symbol) [0x00007FF69F4FD2B1]\nE       \t(No symbol) [0x00007FF69F4FE494]\nE       \tGetHandleVerifier [0x00007FF69F92EF82+2849794]\nE       \tGetHandleVerifier [0x00007FF69F981D24+3189156]\nE       \tGetHandleVerifier [0x00007FF69F97ACAF+3160367]\nE       \tGetHandleVerifier [0x00007FF69F716D06+653702]\nE       \t(No symbol) [0x00007FF69F60A208]\nE       \t(No symbol) [0x00007FF69F6062C4]\nE       \t(No symbol) [0x00007FF69F6063F6]\nE       \t(No symbol) [0x00007FF69F5F67A3]\nE       \tBaseThreadInitThunk [0x00007FFCAE497614+20]\nE       \tRtlUserThreadStart [0x00007FFCAF0426B1+33]\n\n..\\..\\AppData\\Local\\pypoetry\\Cache\\virtualenvs\\buyme-4NEGsUiN-py3.11\\Lib\\site-packages\\selenium\\webdriver\\remote\\errorhandler.py:229: NoSuchElementException"}, "steps": [{"name": "Element not found", "status": "passed", "attachments": [{"name": "enter_button", "source": "92ae2e24-8679-43d9-b976-9b76b4947af8-attachment.png", "type": "image/png"}, {"name": "exception", "source": "1f57bd13-0424-4cb7-b6b5-f5af431d04f8-attachment.txt", "type": "text/plain"}], "start": 1693765000004, "stop": 1693765000219}], "attachments": [{"name": "stdout", "source": "30a41c52-f930-4ce7-adc5-ff0b7cf60151-attachment.txt", "type": "text/plain"}], "start": 1693764971583, "stop": 1693765022536, "uuid": "0357eca7-dbec-48e5-bc0c-91b42b7ced5f", "historyId": "4c5b14deaae85ca954f7741c48704750", "testCaseId": "4c5b14deaae85ca954f7741c48704750", "fullName": "test_buyme.TestBuyMe#test_registration_screen", "labels": [{"name": "suite", "value": "test_buyme"}, {"name": "subSuite", "value": "TestBuyMe"}, {"name": "host", "value": "DESKTOP-TN6JOVD"}, {"name": "thread", "value": "14432-MainThread"}, {"name": "framework", "value": "pytest"}, {"name": "language", "value": "cpython3"}, {"name": "package", "value": "test_buyme"}]}